2023-09-04 17:28:03.1926 INFO [BasicInfomationService]:[MonitorTask] scanning basic infomation
2023-09-04 17:28:03.2809 INFO [BasicInfomationService]:[GetMainboard]:PF43T098
2023-09-04 17:28:03.3068 INFO [BasicInfomationService]:[GetHostName]:LINMENG2-43T098
2023-09-04 17:28:03.3819 INFO [BasicInfomationService]:[GetHostMac]:00D49EBAAD6A
2023-09-04 17:28:03.3819 INFO [BasicInfomationService]:[GetHostAddress]:10.114.215.169
2023-09-04 17:28:03.3819 INFO [BasicInfomationService]:[GetDomain]:lenovo.com
2023-09-04 17:28:03.4068 INFO [MqttService]:[ConnectedAsyncTask]:connected to server
2023-09-04 17:28:04.4156 INFO [BasicInfomationService]:[GetCpu]:12th Gen Intel(R) Core(TM) i7-12700H
2023-09-04 17:28:05.0848 INFO [BasicInfomationService]:[GetDisk]:SSD 477GB
2023-09-04 17:28:05.0848 INFO [BasicInfomationService]:[GetMemory]:2GB+2GB+2GB+2GB+2GB+2GB+2GB+2GB
2023-09-04 17:28:05.0848 INFO [BasicInfomationService]:[UploadAsync]:uploading basic infomation
2023-09-04 17:28:05.1747 INFO [BasicInfomationService]:[UploadAsync]:upload success
2023-09-04 17:28:09.2312 ERROR [ModuleManager]:[UpdateModuleAsync] exception:响应状态代码不指示成功: 401 (Unauthorized)。
2023-09-04 17:28:22.0975 INFO [TestEngAuthorization]:[Login]:[LoginCheck]:login success
2023-09-04 17:28:28.5766 ERROR [SftpService]:[PullFiles] exception:文件“D:\Project\Edgerunners\NightCity\bin\Debug\Modules\TestEngAuthorization\1.0.0.0\TestEngAuthorization.dll”正由另一进程使用，因此该进程无法访问此文件。
2023-09-04 17:28:35.1006 INFO [BasicInfomationService]:[MonitorTask] scanning basic infomation
2023-09-04 17:28:35.1096 INFO [BasicInfomationService]:[GetMainboard]:PF43T098
2023-09-04 17:28:35.1096 INFO [BasicInfomationService]:[GetHostName]:LINMENG2-43T098
2023-09-04 17:28:35.1555 INFO [BasicInfomationService]:[GetHostMac]:00D49EBAAD6A
2023-09-04 17:28:35.1555 INFO [BasicInfomationService]:[GetHostAddress]:10.114.215.169
2023-09-04 17:28:35.1555 INFO [BasicInfomationService]:[GetDomain]:lenovo.com
2023-09-04 17:28:36.1741 INFO [BasicInfomationService]:[GetCpu]:12th Gen Intel(R) Core(TM) i7-12700H
2023-09-04 17:28:36.1990 INFO [BasicInfomationService]:[GetDisk]:SSD 477GB
2023-09-04 17:28:36.1990 INFO [BasicInfomationService]:[GetMemory]:2GB+2GB+2GB+2GB+2GB+2GB+2GB+2GB
2023-09-04 17:29:06.2118 INFO [BasicInfomationService]:[MonitorTask] scanning basic infomation
2023-09-04 17:29:06.2218 INFO [BasicInfomationService]:[GetMainboard]:PF43T098
2023-09-04 17:29:06.2218 INFO [BasicInfomationService]:[GetHostName]:LINMENG2-43T098
2023-09-04 17:29:06.2467 INFO [BasicInfomationService]:[GetHostMac]:00D49EBAAD6A
2023-09-04 17:29:06.2467 INFO [BasicInfomationService]:[GetHostAddress]:10.114.215.169
2023-09-04 17:29:06.2467 INFO [BasicInfomationService]:[GetDomain]:lenovo.com
2023-09-04 17:29:07.2689 INFO [BasicInfomationService]:[GetCpu]:12th Gen Intel(R) Core(TM) i7-12700H
2023-09-04 17:29:07.2943 INFO [BasicInfomationService]:[GetDisk]:SSD 477GB
2023-09-04 17:29:07.2943 INFO [BasicInfomationService]:[GetMemory]:2GB+2GB+2GB+2GB+2GB+2GB+2GB+2GB
2023-09-04 17:29:37.3177 INFO [BasicInfomationService]:[MonitorTask] scanning basic infomation
2023-09-04 17:29:37.3267 INFO [BasicInfomationService]:[GetMainboard]:PF43T098
2023-09-04 17:29:37.3267 INFO [BasicInfomationService]:[GetHostName]:LINMENG2-43T098
2023-09-04 17:29:37.3666 INFO [BasicInfomationService]:[GetHostMac]:00D49EBAAD6A
2023-09-04 17:29:37.3666 INFO [BasicInfomationService]:[GetHostAddress]:10.114.215.169
2023-09-04 17:29:37.3666 INFO [BasicInfomationService]:[GetDomain]:lenovo.com
2023-09-04 17:29:38.3827 INFO [BasicInfomationService]:[GetCpu]:12th Gen Intel(R) Core(TM) i7-12700H
2023-09-04 17:29:38.4067 INFO [BasicInfomationService]:[GetDisk]:SSD 477GB
2023-09-04 17:29:38.4166 INFO [BasicInfomationService]:[GetMemory]:2GB+2GB+2GB+2GB+2GB+2GB+2GB+2GB
2023-09-04 17:30:08.4214 INFO [BasicInfomationService]:[MonitorTask] scanning basic infomation
2023-09-04 17:30:08.4214 INFO [BasicInfomationService]:[GetMainboard]:PF43T098
2023-09-04 17:30:08.4214 INFO [BasicInfomationService]:[GetHostName]:LINMENG2-43T098
2023-09-04 17:30:08.4722 INFO [BasicInfomationService]:[GetHostMac]:00D49EBAAD6A
2023-09-04 17:30:08.4722 INFO [BasicInfomationService]:[GetHostAddress]:10.114.215.169
2023-09-04 17:30:08.4722 INFO [BasicInfomationService]:[GetDomain]:lenovo.com
2023-09-04 17:30:09.4959 INFO [BasicInfomationService]:[GetCpu]:12th Gen Intel(R) Core(TM) i7-12700H
2023-09-04 17:30:09.5278 INFO [BasicInfomationService]:[GetDisk]:SSD 477GB
2023-09-04 17:30:09.5278 INFO [BasicInfomationService]:[GetMemory]:2GB+2GB+2GB+2GB+2GB+2GB+2GB+2GB
2023-09-04 17:30:39.5392 INFO [BasicInfomationService]:[MonitorTask] scanning basic infomation
2023-09-04 17:30:39.5551 INFO [BasicInfomationService]:[GetMainboard]:PF43T098
2023-09-04 17:30:39.5551 INFO [BasicInfomationService]:[GetHostName]:LINMENG2-43T098
2023-09-04 17:30:39.6011 INFO [BasicInfomationService]:[GetHostMac]:00D49EBAAD6A
2023-09-04 17:30:39.6011 INFO [BasicInfomationService]:[GetHostAddress]:10.114.215.169
2023-09-04 17:30:39.6011 INFO [BasicInfomationService]:[GetDomain]:lenovo.com
2023-09-04 17:30:40.6265 INFO [BasicInfomationService]:[GetCpu]:12th Gen Intel(R) Core(TM) i7-12700H
2023-09-04 17:30:40.6584 INFO [BasicInfomationService]:[GetDisk]:SSD 477GB
2023-09-04 17:30:40.6674 INFO [BasicInfomationService]:[GetMemory]:2GB+2GB+2GB+2GB+2GB+2GB+2GB+2GB
2023-09-04 17:31:10.6759 INFO [BasicInfomationService]:[MonitorTask] scanning basic infomation
2023-09-04 17:31:10.6838 INFO [BasicInfomationService]:[GetMainboard]:PF43T098
2023-09-04 17:31:10.6838 INFO [BasicInfomationService]:[GetHostName]:LINMENG2-43T098
2023-09-04 17:31:10.7257 INFO [BasicInfomationService]:[GetHostMac]:00D49EBAAD6A
2023-09-04 17:31:10.7257 INFO [BasicInfomationService]:[GetHostAddress]:10.114.215.169
2023-09-04 17:31:10.7257 INFO [BasicInfomationService]:[GetDomain]:lenovo.com
2023-09-04 17:31:11.7426 INFO [BasicInfomationService]:[GetCpu]:12th Gen Intel(R) Core(TM) i7-12700H
2023-09-04 17:31:11.7785 INFO [BasicInfomationService]:[GetDisk]:SSD 477GB
2023-09-04 17:31:11.7785 INFO [BasicInfomationService]:[GetMemory]:2GB+2GB+2GB+2GB+2GB+2GB+2GB+2GB
2023-09-04 17:31:41.7969 INFO [BasicInfomationService]:[MonitorTask] scanning basic infomation
2023-09-04 17:31:41.8098 INFO [BasicInfomationService]:[GetMainboard]:PF43T098
2023-09-04 17:31:41.8098 INFO [BasicInfomationService]:[GetHostName]:LINMENG2-43T098
2023-09-04 17:31:41.8517 INFO [BasicInfomationService]:[GetHostMac]:00D49EBAAD6A
2023-09-04 17:31:41.8517 INFO [BasicInfomationService]:[GetHostAddress]:10.114.215.169
2023-09-04 17:31:41.8517 INFO [BasicInfomationService]:[GetDomain]:lenovo.com
2023-09-04 17:31:42.8686 INFO [BasicInfomationService]:[GetCpu]:12th Gen Intel(R) Core(TM) i7-12700H
2023-09-04 17:31:42.8988 INFO [BasicInfomationService]:[GetDisk]:SSD 477GB
2023-09-04 17:31:42.9111 INFO [BasicInfomationService]:[GetMemory]:2GB+2GB+2GB+2GB+2GB+2GB+2GB+2GB
2023-09-04 17:32:12.9139 INFO [BasicInfomationService]:[MonitorTask] scanning basic infomation
2023-09-04 17:32:12.9189 INFO [BasicInfomationService]:[GetMainboard]:PF43T098
2023-09-04 17:32:12.9189 INFO [BasicInfomationService]:[GetHostName]:LINMENG2-43T098
2023-09-04 17:32:12.9438 INFO [BasicInfomationService]:[GetHostMac]:00D49EBAAD6A
2023-09-04 17:32:12.9438 INFO [BasicInfomationService]:[GetHostAddress]:10.114.215.169
2023-09-04 17:32:12.9438 INFO [BasicInfomationService]:[GetDomain]:lenovo.com
2023-09-04 17:32:13.9597 INFO [BasicInfomationService]:[GetCpu]:12th Gen Intel(R) Core(TM) i7-12700H
2023-09-04 17:32:13.9954 INFO [BasicInfomationService]:[GetDisk]:SSD 477GB
2023-09-04 17:32:14.0083 INFO [BasicInfomationService]:[GetMemory]:2GB+2GB+2GB+2GB+2GB+2GB+2GB+2GB
2023-09-04 17:33:54.5638 INFO [BasicInfomationService]:[MonitorTask] scanning basic infomation
2023-09-04 17:33:54.6420 INFO [BasicInfomationService]:[GetMainboard]:PF43T098
2023-09-04 17:33:54.6581 INFO [BasicInfomationService]:[GetHostName]:LINMENG2-43T098
2023-09-04 17:33:54.7275 INFO [BasicInfomationService]:[GetHostMac]:00D49EBAAD6A
2023-09-04 17:33:54.7275 INFO [BasicInfomationService]:[GetHostAddress]:10.114.215.169
2023-09-04 17:33:54.7275 INFO [BasicInfomationService]:[GetDomain]:lenovo.com
2023-09-04 17:33:54.7534 INFO [MqttService]:[ConnectedAsyncTask]:connected to server
2023-09-04 17:33:55.7597 INFO [BasicInfomationService]:[GetCpu]:12th Gen Intel(R) Core(TM) i7-12700H
2023-09-04 17:33:55.8466 INFO [BasicInfomationService]:[GetDisk]:SSD 477GB
2023-09-04 17:33:55.8466 INFO [BasicInfomationService]:[GetMemory]:2GB+2GB+2GB+2GB+2GB+2GB+2GB+2GB
2023-09-04 17:33:55.8466 INFO [BasicInfomationService]:[UploadAsync]:uploading basic infomation
2023-09-04 17:33:55.9249 INFO [BasicInfomationService]:[UploadAsync]:upload success
2023-09-04 17:34:25.8640 INFO [BasicInfomationService]:[MonitorTask] scanning basic infomation
2023-09-04 17:34:25.8819 INFO [BasicInfomationService]:[GetMainboard]:PF43T098
2023-09-04 17:34:25.8819 INFO [BasicInfomationService]:[GetHostName]:LINMENG2-43T098
2023-09-04 17:34:25.9325 INFO [BasicInfomationService]:[GetHostMac]:00D49EBAAD6A
2023-09-04 17:34:25.9325 INFO [BasicInfomationService]:[GetHostAddress]:10.114.215.169
2023-09-04 17:34:25.9325 INFO [BasicInfomationService]:[GetDomain]:lenovo.com
2023-09-04 17:34:26.9653 INFO [BasicInfomationService]:[GetCpu]:12th Gen Intel(R) Core(TM) i7-12700H
2023-09-04 17:34:26.9930 INFO [BasicInfomationService]:[GetDisk]:SSD 477GB
2023-09-04 17:34:27.0021 INFO [BasicInfomationService]:[GetMemory]:2GB+2GB+2GB+2GB+2GB+2GB+2GB+2GB
2023-09-04 17:41:32.5442 INFO [BasicInfomationService]:[MonitorTask] scanning basic infomation
2023-09-04 17:41:32.6050 INFO [BasicInfomationService]:[GetMainboard]:PF43T098
2023-09-04 17:41:32.6229 INFO [BasicInfomationService]:[GetHostName]:LINMENG2-43T098
2023-09-04 17:41:32.6747 INFO [BasicInfomationService]:[GetHostMac]:00D49EBAAD6A
2023-09-04 17:41:32.6747 INFO [BasicInfomationService]:[GetHostAddress]:10.114.215.169
2023-09-04 17:41:32.6747 INFO [BasicInfomationService]:[GetDomain]:lenovo.com
2023-09-04 17:41:32.6967 INFO [MqttService]:[ConnectedAsyncTask]:connected to server
2023-09-04 17:41:33.7998 INFO [BasicInfomationService]:[GetCpu]:12th Gen Intel(R) Core(TM) i7-12700H
2023-09-04 17:41:33.8801 INFO [BasicInfomationService]:[GetDisk]:SSD 477GB
2023-09-04 17:41:33.8961 INFO [BasicInfomationService]:[GetMemory]:2GB+2GB+2GB+2GB+2GB+2GB+2GB+2GB
2023-09-04 17:41:33.8961 INFO [BasicInfomationService]:[UploadAsync]:uploading basic infomation
2023-09-04 17:41:33.9752 INFO [BasicInfomationService]:[UploadAsync]:upload success
2023-09-04 17:42:03.9014 INFO [BasicInfomationService]:[MonitorTask] scanning basic infomation
2023-09-04 17:42:03.9141 INFO [BasicInfomationService]:[GetMainboard]:PF43T098
2023-09-04 17:42:03.9141 INFO [BasicInfomationService]:[GetHostName]:LINMENG2-43T098
2023-09-04 17:42:03.9593 INFO [BasicInfomationService]:[GetHostMac]:00D49EBAAD6A
2023-09-04 17:42:03.9593 INFO [BasicInfomationService]:[GetHostAddress]:10.114.215.169
2023-09-04 17:42:03.9593 INFO [BasicInfomationService]:[GetDomain]:lenovo.com
2023-09-04 17:42:04.9840 INFO [BasicInfomationService]:[GetCpu]:12th Gen Intel(R) Core(TM) i7-12700H
2023-09-04 17:42:05.0060 INFO [BasicInfomationService]:[GetDisk]:SSD 477GB
2023-09-04 17:42:05.0060 INFO [BasicInfomationService]:[GetMemory]:2GB+2GB+2GB+2GB+2GB+2GB+2GB+2GB
2023-09-04 17:43:19.0119 INFO [BasicInfomationService]:[MonitorTask] scanning basic infomation
2023-09-04 17:43:19.0703 INFO [BasicInfomationService]:[GetMainboard]:PF43T098
2023-09-04 17:43:19.0853 INFO [BasicInfomationService]:[GetHostName]:LINMENG2-43T098
2023-09-04 17:43:19.1351 INFO [BasicInfomationService]:[GetHostMac]:00D49EBAAD6A
2023-09-04 17:43:19.1351 INFO [BasicInfomationService]:[GetHostAddress]:10.114.215.169
2023-09-04 17:43:19.1351 INFO [BasicInfomationService]:[GetDomain]:lenovo.com
2023-09-04 17:43:19.1499 INFO [MqttService]:[ConnectedAsyncTask]:connected to server
2023-09-04 17:43:20.1675 INFO [BasicInfomationService]:[GetCpu]:12th Gen Intel(R) Core(TM) i7-12700H
2023-09-04 17:43:20.2085 INFO [BasicInfomationService]:[GetDisk]:SSD 477GB
2023-09-04 17:43:20.2241 INFO [BasicInfomationService]:[GetMemory]:2GB+2GB+2GB+2GB+2GB+2GB+2GB+2GB
2023-09-04 17:43:20.2241 INFO [BasicInfomationService]:[UploadAsync]:uploading basic infomation
2023-09-04 17:43:20.3038 INFO [BasicInfomationService]:[UploadAsync]:upload success
2023-09-04 17:46:22.2886 INFO [BasicInfomationService]:[MonitorTask] scanning basic infomation
2023-09-04 17:46:22.3720 INFO [BasicInfomationService]:[GetMainboard]:PF43T098
2023-09-04 17:46:22.3970 INFO [BasicInfomationService]:[GetHostName]:LINMENG2-43T098
2023-09-04 17:46:22.4607 INFO [BasicInfomationService]:[GetHostMac]:00D49EBAAD6A
2023-09-04 17:46:22.4607 INFO [BasicInfomationService]:[GetHostAddress]:10.114.215.169
2023-09-04 17:46:22.4607 INFO [BasicInfomationService]:[GetDomain]:lenovo.com
2023-09-04 17:46:22.4807 INFO [MqttService]:[ConnectedAsyncTask]:connected to server
2023-09-04 17:46:23.4886 INFO [BasicInfomationService]:[GetCpu]:12th Gen Intel(R) Core(TM) i7-12700H
2023-09-04 17:46:23.5697 INFO [BasicInfomationService]:[GetDisk]:SSD 477GB
2023-09-04 17:46:23.5697 INFO [BasicInfomationService]:[GetMemory]:2GB+2GB+2GB+2GB+2GB+2GB+2GB+2GB
2023-09-04 17:46:23.5697 INFO [BasicInfomationService]:[UploadAsync]:uploading basic infomation
2023-09-04 17:46:23.6554 INFO [BasicInfomationService]:[UploadAsync]:upload success
2023-09-04 17:50:08.6758 INFO [BasicInfomationService]:[MonitorTask] scanning basic infomation
2023-09-04 17:50:08.8283 INFO [BasicInfomationService]:[GetMainboard]:PF43T098
2023-09-04 17:50:08.8592 INFO [BasicInfomationService]:[GetHostName]:LINMENG2-43T098
2023-09-04 17:50:08.9320 INFO [BasicInfomationService]:[GetHostMac]:00D49EBAAD6A
2023-09-04 17:50:08.9320 INFO [BasicInfomationService]:[GetHostAddress]:10.114.215.169
2023-09-04 17:50:08.9320 INFO [BasicInfomationService]:[GetDomain]:lenovo.com
2023-09-04 17:50:08.9509 INFO [MqttService]:[ConnectedAsyncTask]:connected to server
2023-09-04 17:50:09.9629 INFO [BasicInfomationService]:[GetCpu]:12th Gen Intel(R) Core(TM) i7-12700H
2023-09-04 17:50:10.0644 INFO [BasicInfomationService]:[GetDisk]:SSD 477GB
2023-09-04 17:50:10.0644 INFO [BasicInfomationService]:[GetMemory]:2GB+2GB+2GB+2GB+2GB+2GB+2GB+2GB
2023-09-04 17:50:10.0644 INFO [BasicInfomationService]:[UploadAsync]:uploading basic infomation
2023-09-04 17:50:10.1341 INFO [BasicInfomationService]:[UploadAsync]:upload success
2023-09-04 17:50:24.2253 INFO [BasicInfomationService]:[MonitorTask] scanning basic infomation
2023-09-04 17:50:24.3383 INFO [BasicInfomationService]:[GetMainboard]:PF43T098
2023-09-04 17:50:24.3768 INFO [BasicInfomationService]:[GetHostName]:LINMENG2-43T098
2023-09-04 17:50:24.4431 INFO [BasicInfomationService]:[GetHostMac]:00D49EBAAD6A
2023-09-04 17:50:24.4431 INFO [BasicInfomationService]:[GetHostAddress]:10.114.215.169
2023-09-04 17:50:24.4431 INFO [BasicInfomationService]:[GetDomain]:lenovo.com
2023-09-04 17:50:24.4431 INFO [MqttService]:[ConnectedAsyncTask]:connected to server
2023-09-04 17:50:25.4737 INFO [BasicInfomationService]:[GetCpu]:12th Gen Intel(R) Core(TM) i7-12700H
2023-09-04 17:50:25.4737 INFO [BasicInfomationService]:[GetDisk]:SSD 477GB
2023-09-04 17:50:25.4915 INFO [BasicInfomationService]:[GetMemory]:2GB+2GB+2GB+2GB+2GB+2GB+2GB+2GB
2023-09-04 17:50:25.4915 INFO [BasicInfomationService]:[UploadAsync]:uploading basic infomation
2023-09-04 17:50:25.5567 INFO [BasicInfomationService]:[UploadAsync]:upload success
2023-09-04 18:12:17.8040 INFO [BasicInfomationService]:[MonitorTask] scanning basic infomation
2023-09-04 18:12:18.0189 INFO [BasicInfomationService]:[GetMainboard]:PF43T098
2023-09-04 18:12:18.0379 INFO [BasicInfomationService]:[GetHostName]:LINMENG2-43T098
2023-09-04 18:12:18.1115 INFO [BasicInfomationService]:[GetHostMac]:00D49EBAAD6A
2023-09-04 18:12:18.1115 INFO [BasicInfomationService]:[GetHostAddress]:10.114.215.169
2023-09-04 18:12:18.1115 INFO [BasicInfomationService]:[GetDomain]:lenovo.com
2023-09-04 18:12:18.1314 INFO [MqttService]:[ConnectedAsyncTask]:connected to server
2023-09-04 18:12:19.2683 INFO [BasicInfomationService]:[GetCpu]:12th Gen Intel(R) Core(TM) i7-12700H
2023-09-04 18:12:19.8857 INFO [BasicInfomationService]:[GetDisk]:SSD 477GB
2023-09-04 18:12:19.8857 INFO [BasicInfomationService]:[GetMemory]:2GB+2GB+2GB+2GB+2GB+2GB+2GB+2GB
2023-09-04 18:12:19.8999 INFO [BasicInfomationService]:[UploadAsync]:uploading basic infomation
2023-09-04 18:12:19.9733 INFO [BasicInfomationService]:[UploadAsync]:upload success
2023-09-04 18:12:49.9042 INFO [BasicInfomationService]:[MonitorTask] scanning basic infomation
2023-09-04 18:12:49.9042 INFO [BasicInfomationService]:[GetMainboard]:PF43T098
2023-09-04 18:12:49.9042 INFO [BasicInfomationService]:[GetHostName]:LINMENG2-43T098
2023-09-04 18:12:49.9608 INFO [BasicInfomationService]:[GetHostMac]:00D49EBAAD6A
2023-09-04 18:12:49.9608 INFO [BasicInfomationService]:[GetHostAddress]:10.114.215.169
2023-09-04 18:12:49.9608 INFO [BasicInfomationService]:[GetDomain]:lenovo.com
2023-09-04 18:12:50.9792 INFO [BasicInfomationService]:[GetCpu]:12th Gen Intel(R) Core(TM) i7-12700H
2023-09-04 18:12:51.0015 INFO [BasicInfomationService]:[GetDisk]:SSD 477GB
2023-09-04 18:12:51.0115 INFO [BasicInfomationService]:[GetMemory]:2GB+2GB+2GB+2GB+2GB+2GB+2GB+2GB
2023-09-04 18:13:01.5592 INFO [BasicInfomationService]:[MonitorTask] scanning basic infomation
2023-09-04 18:13:01.6413 INFO [BasicInfomationService]:[GetMainboard]:PF43T098
2023-09-04 18:13:01.6593 INFO [BasicInfomationService]:[GetHostName]:LINMENG2-43T098
2023-09-04 18:13:01.7175 INFO [BasicInfomationService]:[GetHostMac]:00D49EBAAD6A
2023-09-04 18:13:01.7175 INFO [BasicInfomationService]:[GetHostAddress]:10.114.215.169
2023-09-04 18:13:01.7175 INFO [BasicInfomationService]:[GetDomain]:lenovo.com
2023-09-04 18:13:01.7364 INFO [MqttService]:[ConnectedAsyncTask]:connected to server
2023-09-04 18:13:02.7466 INFO [BasicInfomationService]:[GetCpu]:12th Gen Intel(R) Core(TM) i7-12700H
2023-09-04 18:13:02.7466 INFO [BasicInfomationService]:[GetDisk]:SSD 477GB
2023-09-04 18:13:02.7711 INFO [BasicInfomationService]:[GetMemory]:2GB+2GB+2GB+2GB+2GB+2GB+2GB+2GB
2023-09-04 18:13:02.7711 INFO [BasicInfomationService]:[UploadAsync]:uploading basic infomation
2023-09-04 18:13:02.8426 INFO [BasicInfomationService]:[UploadAsync]:upload success
2023-09-04 18:13:16.7228 INFO [BasicInfomationService]:[MonitorTask] scanning basic infomation
2023-09-04 18:13:16.7884 INFO [BasicInfomationService]:[GetMainboard]:PF43T098
2023-09-04 18:13:16.8120 INFO [BasicInfomationService]:[GetHostName]:LINMENG2-43T098
2023-09-04 18:13:16.8868 INFO [BasicInfomationService]:[GetHostMac]:00D49EBAAD6A
2023-09-04 18:13:16.8868 INFO [BasicInfomationService]:[GetHostAddress]:10.114.215.169
2023-09-04 18:13:16.8868 INFO [BasicInfomationService]:[GetDomain]:lenovo.com
2023-09-04 18:13:16.8868 INFO [MqttService]:[ConnectedAsyncTask]:connected to server
2023-09-04 18:13:17.9215 INFO [BasicInfomationService]:[GetCpu]:12th Gen Intel(R) Core(TM) i7-12700H
2023-09-04 18:13:17.9403 INFO [BasicInfomationService]:[GetDisk]:SSD 477GB
2023-09-04 18:13:17.9403 INFO [BasicInfomationService]:[GetMemory]:2GB+2GB+2GB+2GB+2GB+2GB+2GB+2GB
2023-09-04 18:13:17.9403 INFO [BasicInfomationService]:[UploadAsync]:uploading basic infomation
2023-09-04 18:13:18.0080 INFO [BasicInfomationService]:[UploadAsync]:upload success
2023-09-04 18:13:38.9563 INFO [BasicInfomationService]:[MonitorTask] scanning basic infomation
2023-09-04 18:13:39.0375 INFO [BasicInfomationService]:[GetMainboard]:PF43T098
2023-09-04 18:13:39.0566 INFO [BasicInfomationService]:[GetHostName]:LINMENG2-43T098
2023-09-04 18:13:39.1176 INFO [BasicInfomationService]:[GetHostMac]:00D49EBAAD6A
2023-09-04 18:13:39.1176 INFO [BasicInfomationService]:[GetHostAddress]:10.114.215.169
2023-09-04 18:13:39.1176 INFO [BasicInfomationService]:[GetDomain]:lenovo.com
2023-09-04 18:13:39.2990 INFO [MqttService]:[ConnectedAsyncTask]:connected to server
2023-09-04 18:13:40.1525 INFO [BasicInfomationService]:[GetCpu]:12th Gen Intel(R) Core(TM) i7-12700H
2023-09-04 18:13:40.1734 INFO [BasicInfomationService]:[GetDisk]:SSD 477GB
2023-09-04 18:13:40.1734 INFO [BasicInfomationService]:[GetMemory]:2GB+2GB+2GB+2GB+2GB+2GB+2GB+2GB
2023-09-04 18:13:40.1734 INFO [BasicInfomationService]:[UploadAsync]:uploading basic infomation
2023-09-04 18:13:40.5335 INFO [BasicInfomationService]:[UploadAsync]:upload success
2023-09-04 18:14:10.8556 INFO [BasicInfomationService]:[MonitorTask] scanning basic infomation
2023-09-04 18:14:10.9209 INFO [BasicInfomationService]:[GetMainboard]:PF43T098
2023-09-04 18:14:10.9344 INFO [BasicInfomationService]:[GetHostName]:LINMENG2-43T098
2023-09-04 18:14:10.9857 INFO [BasicInfomationService]:[GetHostMac]:00D49EBAAD6A
2023-09-04 18:14:10.9857 INFO [BasicInfomationService]:[GetHostAddress]:10.114.215.169
2023-09-04 18:14:10.9857 INFO [BasicInfomationService]:[GetDomain]:lenovo.com
2023-09-04 18:14:11.0786 INFO [MqttService]:[ConnectedAsyncTask]:connected to server
2023-09-04 18:14:12.0137 INFO [BasicInfomationService]:[GetCpu]:12th Gen Intel(R) Core(TM) i7-12700H
2023-09-04 18:14:12.0306 INFO [BasicInfomationService]:[GetDisk]:SSD 477GB
2023-09-04 18:14:12.0306 INFO [BasicInfomationService]:[GetMemory]:2GB+2GB+2GB+2GB+2GB+2GB+2GB+2GB
2023-09-04 18:14:12.0306 INFO [BasicInfomationService]:[UploadAsync]:uploading basic infomation
2023-09-04 18:14:12.1219 INFO [BasicInfomationService]:[UploadAsync]:upload success
2023-09-04 18:14:42.0422 INFO [BasicInfomationService]:[MonitorTask] scanning basic infomation
2023-09-04 18:14:42.0520 INFO [BasicInfomationService]:[GetMainboard]:PF43T098
2023-09-04 18:14:42.0520 INFO [BasicInfomationService]:[GetHostName]:LINMENG2-43T098
2023-09-04 18:14:42.0979 INFO [BasicInfomationService]:[GetHostMac]:00D49EBAAD6A
2023-09-04 18:14:42.0979 INFO [BasicInfomationService]:[GetHostAddress]:10.114.215.169
2023-09-04 18:14:42.0979 INFO [BasicInfomationService]:[GetDomain]:lenovo.com
2023-09-04 18:14:43.1244 INFO [BasicInfomationService]:[GetCpu]:12th Gen Intel(R) Core(TM) i7-12700H
2023-09-04 18:14:43.1577 INFO [BasicInfomationService]:[GetDisk]:SSD 477GB
2023-09-04 18:14:43.1577 INFO [BasicInfomationService]:[GetMemory]:2GB+2GB+2GB+2GB+2GB+2GB+2GB+2GB
2023-09-04 19:23:24.6989 INFO [MqttService]:[DisconnectedAsyncTask]:disconnected from server
2023-09-04 19:23:24.6989 INFO [MqttService]:[DisconnectedAsyncTask]:attempting to reconnect
2023-09-04 20:16:55.8945 INFO [MqttService]:[ConnectedAsyncTask]:connected to server
2023-09-04 20:16:56.5282 INFO [BasicInfomationService]:[MonitorTask] scanning basic infomation
2023-09-04 20:16:56.5282 INFO [BasicInfomationService]:[GetMainboard]:PF43T098
2023-09-04 20:16:56.5282 INFO [BasicInfomationService]:[GetHostName]:LINMENG2-43T098
2023-09-04 20:16:56.5820 INFO [BasicInfomationService]:[GetHostMac]:00D49EBAAD6A
2023-09-04 20:16:56.5820 INFO [BasicInfomationService]:[GetHostAddress]:10.114.215.169
2023-09-04 20:16:56.5820 INFO [BasicInfomationService]:[GetDomain]:lenovo.com
2023-09-04 20:16:57.7431 INFO [BasicInfomationService]:[GetCpu]:12th Gen Intel(R) Core(TM) i7-12700H
2023-09-04 21:17:55.7676 INFO [MqttService]:[DisconnectedAsyncTask]:disconnected from server
2023-09-04 21:17:55.7676 INFO [MqttService]:[DisconnectedAsyncTask]:attempting to reconnect
2023-09-04 21:17:55.7865 ERROR [BasicInfomationService]:[GetDisk] exception:调用已取消 
2023-09-04 21:17:55.8124 INFO [BasicInfomationService]:[GetMemory]:2GB+2GB+2GB+2GB+2GB+2GB+2GB+2GB
2023-09-04 21:17:57.7858 INFO [MqttService]:[ConnectedAsyncTask]:connected to server
2023-09-04 23:15:56.5999 INFO [MqttService]:[DisconnectedAsyncTask]:disconnected from server
2023-09-04 23:15:56.5999 INFO [MqttService]:[DisconnectedAsyncTask]:attempting to reconnect
2023-09-04 23:15:58.6527 INFO [MqttService]:[ConnectedAsyncTask]:connected to server
